Analysis & Synthesis report for fpga
Fri Sep 29 16:26:06 2023
Quartus Prime Version 20.1.0 Build 711 06/05/2020 SJ Lite Edition


---------------------
; Table of Contents ;
---------------------
  1. Legal Notice
  2. Analysis & Synthesis Summary
  3. Analysis & Synthesis Settings
  4. Parallel Compilation
  5. Analysis & Synthesis Source Files Read
  6. Analysis & Synthesis Resource Usage Summary
  7. Analysis & Synthesis Resource Utilization by Entity
  8. User-Specified and Inferred Latches
  9. General Register Statistics
 10. Inverted Register Statistics
 11. Multiplexer Restructuring Statistics (Restructuring Performed)
 12. Parameter Settings for User Entity Instance: Top-level Entity: |fpga
 13. Post-Synthesis Netlist Statistics for Top Partition
 14. Elapsed Time Per Partition
 15. Analysis & Synthesis Messages



----------------
; Legal Notice ;
----------------
Copyright (C) 2020  Intel Corporation. All rights reserved.
Your use of Intel Corporation's design tools, logic functions 
and other software and tools, and any partner logic 
functions, and any output files from any of the foregoing 
(including device programming or simulation files), and any 
associated documentation or information are expressly subject 
to the terms and conditions of the Intel Program License 
Subscription Agreement, the Intel Quartus Prime License Agreement,
the Intel FPGA IP License Agreement, or other applicable license
agreement, including, without limitation, that your use is for
the sole purpose of programming logic devices manufactured by
Intel and sold by Intel or its authorized distributors.  Please
refer to the applicable agreement for further details, at
https://fpgasoftware.intel.com/eula.



+----------------------------------------------------------------------------------+
; Analysis & Synthesis Summary                                                     ;
+------------------------------------+---------------------------------------------+
; Analysis & Synthesis Status        ; Successful - Fri Sep 29 16:26:06 2023       ;
; Quartus Prime Version              ; 20.1.0 Build 711 06/05/2020 SJ Lite Edition ;
; Revision Name                      ; fpga                                        ;
; Top-level Entity Name              ; fpga                                        ;
; Family                             ; Cyclone IV E                                ;
; Total logic elements               ; 121                                         ;
;     Total combinational functions  ; 121                                         ;
;     Dedicated logic registers      ; 47                                          ;
; Total registers                    ; 47                                          ;
; Total pins                         ; 61                                          ;
; Total virtual pins                 ; 0                                           ;
; Total memory bits                  ; 0                                           ;
; Embedded Multiplier 9-bit elements ; 0                                           ;
; Total PLLs                         ; 0                                           ;
+------------------------------------+---------------------------------------------+


+------------------------------------------------------------------------------------------------------------+
; Analysis & Synthesis Settings                                                                              ;
+------------------------------------------------------------------+--------------------+--------------------+
; Option                                                           ; Setting            ; Default Value      ;
+------------------------------------------------------------------+--------------------+--------------------+
; Device                                                           ; EP4CE115F29C7      ;                    ;
; Top-level entity name                                            ; fpga               ; fpga               ;
; Family name                                                      ; Cyclone IV E       ; Cyclone V          ;
; Use smart compilation                                            ; Off                ; Off                ;
; Enable parallel Assembler and Timing Analyzer during compilation ; On                 ; On                 ;
; Enable compact report table                                      ; Off                ; Off                ;
; Restructure Multiplexers                                         ; Auto               ; Auto               ;
; Create Debugging Nodes for IP Cores                              ; Off                ; Off                ;
; Preserve fewer node names                                        ; On                 ; On                 ;
; Intel FPGA IP Evaluation Mode                                    ; Enable             ; Enable             ;
; Verilog Version                                                  ; Verilog_2001       ; Verilog_2001       ;
; VHDL Version                                                     ; VHDL_1993          ; VHDL_1993          ;
; State Machine Processing                                         ; Auto               ; Auto               ;
; Safe State Machine                                               ; Off                ; Off                ;
; Extract Verilog State Machines                                   ; On                 ; On                 ;
; Extract VHDL State Machines                                      ; On                 ; On                 ;
; Ignore Verilog initial constructs                                ; Off                ; Off                ;
; Iteration limit for constant Verilog loops                       ; 5000               ; 5000               ;
; Iteration limit for non-constant Verilog loops                   ; 250                ; 250                ;
; Add Pass-Through Logic to Inferred RAMs                          ; On                 ; On                 ;
; Infer RAMs from Raw Logic                                        ; On                 ; On                 ;
; Parallel Synthesis                                               ; On                 ; On                 ;
; DSP Block Balancing                                              ; Auto               ; Auto               ;
; NOT Gate Push-Back                                               ; On                 ; On                 ;
; Power-Up Don't Care                                              ; On                 ; On                 ;
; Remove Redundant Logic Cells                                     ; Off                ; Off                ;
; Remove Duplicate Registers                                       ; On                 ; On                 ;
; Ignore CARRY Buffers                                             ; Off                ; Off                ;
; Ignore CASCADE Buffers                                           ; Off                ; Off                ;
; Ignore GLOBAL Buffers                                            ; Off                ; Off                ;
; Ignore ROW GLOBAL Buffers                                        ; Off                ; Off                ;
; Ignore LCELL Buffers                                             ; Off                ; Off                ;
; Ignore SOFT Buffers                                              ; On                 ; On                 ;
; Limit AHDL Integers to 32 Bits                                   ; Off                ; Off                ;
; Optimization Technique                                           ; Balanced           ; Balanced           ;
; Carry Chain Length                                               ; 70                 ; 70                 ;
; Auto Carry Chains                                                ; On                 ; On                 ;
; Auto Open-Drain Pins                                             ; On                 ; On                 ;
; Perform WYSIWYG Primitive Resynthesis                            ; Off                ; Off                ;
; Auto ROM Replacement                                             ; On                 ; On                 ;
; Auto RAM Replacement                                             ; On                 ; On                 ;
; Auto DSP Block Replacement                                       ; On                 ; On                 ;
; Auto Shift Register Replacement                                  ; Auto               ; Auto               ;
; Allow Shift Register Merging across Hierarchies                  ; Auto               ; Auto               ;
; Auto Clock Enable Replacement                                    ; On                 ; On                 ;
; Strict RAM Replacement                                           ; Off                ; Off                ;
; Allow Synchronous Control Signals                                ; On                 ; On                 ;
; Force Use of Synchronous Clear Signals                           ; Off                ; Off                ;
; Auto RAM Block Balancing                                         ; On                 ; On                 ;
; Auto RAM to Logic Cell Conversion                                ; Off                ; Off                ;
; Auto Resource Sharing                                            ; Off                ; Off                ;
; Allow Any RAM Size For Recognition                               ; Off                ; Off                ;
; Allow Any ROM Size For Recognition                               ; Off                ; Off                ;
; Allow Any Shift Register Size For Recognition                    ; Off                ; Off                ;
; Use LogicLock Constraints during Resource Balancing              ; On                 ; On                 ;
; Ignore translate_off and synthesis_off directives                ; Off                ; Off                ;
; Timing-Driven Synthesis                                          ; On                 ; On                 ;
; Report Parameter Settings                                        ; On                 ; On                 ;
; Report Source Assignments                                        ; On                 ; On                 ;
; Report Connectivity Checks                                       ; On                 ; On                 ;
; Ignore Maximum Fan-Out Assignments                               ; Off                ; Off                ;
; Synchronization Register Chain Length                            ; 2                  ; 2                  ;
; Power Optimization During Synthesis                              ; Normal compilation ; Normal compilation ;
; HDL message level                                                ; Level2             ; Level2             ;
; Suppress Register Optimization Related Messages                  ; Off                ; Off                ;
; Number of Removed Registers Reported in Synthesis Report         ; 5000               ; 5000               ;
; Number of Swept Nodes Reported in Synthesis Report               ; 5000               ; 5000               ;
; Number of Inverted Registers Reported in Synthesis Report        ; 100                ; 100                ;
; Clock MUX Protection                                             ; On                 ; On                 ;
; Auto Gated Clock Conversion                                      ; Off                ; Off                ;
; Block Design Naming                                              ; Auto               ; Auto               ;
; SDC constraint protection                                        ; Off                ; Off                ;
; Synthesis Effort                                                 ; Auto               ; Auto               ;
; Shift Register Replacement - Allow Asynchronous Clear Signal     ; On                 ; On                 ;
; Pre-Mapping Resynthesis Optimization                             ; Off                ; Off                ;
; Analysis & Synthesis Message Level                               ; Medium             ; Medium             ;
; Disable Register Merging Across Hierarchies                      ; Auto               ; Auto               ;
; Resource Aware Inference For Block RAM                           ; On                 ; On                 ;
+------------------------------------------------------------------+--------------------+--------------------+


+------------------------------------------+
; Parallel Compilation                     ;
+----------------------------+-------------+
; Processors                 ; Number      ;
+----------------------------+-------------+
; Number detected on machine ; 4           ;
; Maximum allowed            ; 2           ;
;                            ;             ;
; Average used               ; 1.00        ;
; Maximum used               ; 2           ;
;                            ;             ;
; Usage by Processor         ; % Time Used ;
;     Processor 1            ; 100.0%      ;
;     Processor 2            ;   0.0%      ;
+----------------------------+-------------+


+---------------------------------------------------------------------------------------------------------------------------------------+
; Analysis & Synthesis Source Files Read                                                                                                ;
+----------------------------------+-----------------+------------------------+-----------------------------------------------+---------+
; File Name with User-Entered Path ; Used in Netlist ; File Type              ; File Name with Absolute Path                  ; Library ;
+----------------------------------+-----------------+------------------------+-----------------------------------------------+---------+
; practica2.v                      ; yes             ; User Verilog HDL File  ; D:/Documentos/Embebidos/Practica2/practica2.v ;         ;
; disp7.v                          ; yes             ; User Verilog HDL File  ; D:/Documentos/Embebidos/Practica2/disp7.v     ;         ;
+----------------------------------+-----------------+------------------------+-----------------------------------------------+---------+


+---------------------------------------------------------+
; Analysis & Synthesis Resource Usage Summary             ;
+---------------------------------------------+-----------+
; Resource                                    ; Usage     ;
+---------------------------------------------+-----------+
; Estimated Total logic elements              ; 121       ;
;                                             ;           ;
; Total combinational functions               ; 121       ;
; Logic element usage by number of LUT inputs ;           ;
;     -- 4 input functions                    ; 32        ;
;     -- 3 input functions                    ; 41        ;
;     -- <=2 input functions                  ; 48        ;
;                                             ;           ;
; Logic elements by mode                      ;           ;
;     -- normal mode                          ; 99        ;
;     -- arithmetic mode                      ; 22        ;
;                                             ;           ;
; Total registers                             ; 47        ;
;     -- Dedicated logic registers            ; 47        ;
;     -- I/O registers                        ; 0         ;
;                                             ;           ;
; I/O pins                                    ; 61        ;
;                                             ;           ;
; Embedded Multiplier 9-bit elements          ; 0         ;
;                                             ;           ;
; Maximum fan-out node                        ; clk~input ;
; Maximum fan-out                             ; 47        ;
; Total fan-out                               ; 581       ;
; Average fan-out                             ; 2.00      ;
+---------------------------------------------+-----------+


+----------------------------------------------------------------------------------------------------------------------------------------------------------------------------------------------------------+
; Analysis & Synthesis Resource Utilization by Entity                                                                                                                                                      ;
+----------------------------+---------------------+---------------------------+-------------+--------------+---------+-----------+------+--------------+---------------------+-------------+--------------+
; Compilation Hierarchy Node ; Combinational ALUTs ; Dedicated Logic Registers ; Memory Bits ; DSP Elements ; DSP 9x9 ; DSP 18x18 ; Pins ; Virtual Pins ; Full Hierarchy Name ; Entity Name ; Library Name ;
+----------------------------+---------------------+---------------------------+-------------+--------------+---------+-----------+------+--------------+---------------------+-------------+--------------+
; |fpga                      ; 121 (57)            ; 47 (47)                   ; 0           ; 0            ; 0       ; 0         ; 61   ; 0            ; |fpga               ; fpga        ; work         ;
;    |disp7:disp0|           ; 8 (8)               ; 0 (0)                     ; 0           ; 0            ; 0       ; 0         ; 0    ; 0            ; |fpga|disp7:disp0   ; disp7       ; work         ;
;    |disp7:disp1|           ; 8 (8)               ; 0 (0)                     ; 0           ; 0            ; 0       ; 0         ; 0    ; 0            ; |fpga|disp7:disp1   ; disp7       ; work         ;
;    |disp7:disp2|           ; 8 (8)               ; 0 (0)                     ; 0           ; 0            ; 0       ; 0         ; 0    ; 0            ; |fpga|disp7:disp2   ; disp7       ; work         ;
;    |disp7:disp3|           ; 8 (8)               ; 0 (0)                     ; 0           ; 0            ; 0       ; 0         ; 0    ; 0            ; |fpga|disp7:disp3   ; disp7       ; work         ;
;    |disp7:disp4|           ; 8 (8)               ; 0 (0)                     ; 0           ; 0            ; 0       ; 0         ; 0    ; 0            ; |fpga|disp7:disp4   ; disp7       ; work         ;
;    |disp7:disp5|           ; 8 (8)               ; 0 (0)                     ; 0           ; 0            ; 0       ; 0         ; 0    ; 0            ; |fpga|disp7:disp5   ; disp7       ; work         ;
;    |disp7:disp6|           ; 8 (8)               ; 0 (0)                     ; 0           ; 0            ; 0       ; 0         ; 0    ; 0            ; |fpga|disp7:disp6   ; disp7       ; work         ;
;    |disp7:disp7|           ; 8 (8)               ; 0 (0)                     ; 0           ; 0            ; 0       ; 0         ; 0    ; 0            ; |fpga|disp7:disp7   ; disp7       ; work         ;
+----------------------------+---------------------+---------------------------+-------------+--------------+---------+-----------+------+--------------+---------------------+-------------+--------------+
Note: For table entries with two numbers listed, the numbers in parentheses indicate the number of resources of the given type used by the specific entity alone. The numbers listed outside of parentheses indicate the total resources of the given type used by the specific entity and all of its sub-entities in the hierarchy.


+----------------------------------------------------------------------------------------------------+
; User-Specified and Inferred Latches                                                                ;
+-----------------------------------------------------+---------------------+------------------------+
; Latch Name                                          ; Latch Enable Signal ; Free of Timing Hazards ;
+-----------------------------------------------------+---------------------+------------------------+
; disp7:disp0|display_output[0]                       ; disp7:disp0|Mux4    ; yes                    ;
; disp7:disp0|display_output[1]                       ; disp7:disp0|Mux4    ; yes                    ;
; disp7:disp0|display_output[2]                       ; disp7:disp0|Mux4    ; yes                    ;
; disp7:disp0|display_output[3]                       ; disp7:disp0|Mux4    ; yes                    ;
; disp7:disp0|display_output[4]                       ; disp7:disp0|Mux4    ; yes                    ;
; disp7:disp0|display_output[5]                       ; disp7:disp0|Mux4    ; yes                    ;
; disp7:disp0|display_output[6]                       ; disp7:disp0|Mux4    ; yes                    ;
; disp7:disp1|display_output[0]                       ; disp7:disp1|Mux4    ; yes                    ;
; disp7:disp1|display_output[1]                       ; disp7:disp1|Mux4    ; yes                    ;
; disp7:disp1|display_output[2]                       ; disp7:disp1|Mux4    ; yes                    ;
; disp7:disp1|display_output[3]                       ; disp7:disp1|Mux4    ; yes                    ;
; disp7:disp1|display_output[4]                       ; disp7:disp1|Mux4    ; yes                    ;
; disp7:disp1|display_output[5]                       ; disp7:disp1|Mux4    ; yes                    ;
; disp7:disp1|display_output[6]                       ; disp7:disp1|Mux4    ; yes                    ;
; disp7:disp2|display_output[0]                       ; disp7:disp2|Mux4    ; yes                    ;
; disp7:disp2|display_output[1]                       ; disp7:disp2|Mux4    ; yes                    ;
; disp7:disp2|display_output[2]                       ; disp7:disp2|Mux4    ; yes                    ;
; disp7:disp2|display_output[3]                       ; disp7:disp2|Mux4    ; yes                    ;
; disp7:disp2|display_output[4]                       ; disp7:disp2|Mux4    ; yes                    ;
; disp7:disp2|display_output[5]                       ; disp7:disp2|Mux4    ; yes                    ;
; disp7:disp2|display_output[6]                       ; disp7:disp2|Mux4    ; yes                    ;
; disp7:disp3|display_output[0]                       ; disp7:disp3|Mux4    ; yes                    ;
; disp7:disp3|display_output[1]                       ; disp7:disp3|Mux4    ; yes                    ;
; disp7:disp3|display_output[2]                       ; disp7:disp3|Mux4    ; yes                    ;
; disp7:disp3|display_output[3]                       ; disp7:disp3|Mux4    ; yes                    ;
; disp7:disp3|display_output[4]                       ; disp7:disp3|Mux4    ; yes                    ;
; disp7:disp3|display_output[5]                       ; disp7:disp3|Mux4    ; yes                    ;
; disp7:disp3|display_output[6]                       ; disp7:disp3|Mux4    ; yes                    ;
; disp7:disp4|display_output[0]                       ; disp7:disp4|Mux4    ; yes                    ;
; disp7:disp4|display_output[1]                       ; disp7:disp4|Mux4    ; yes                    ;
; disp7:disp4|display_output[2]                       ; disp7:disp4|Mux4    ; yes                    ;
; disp7:disp4|display_output[3]                       ; disp7:disp4|Mux4    ; yes                    ;
; disp7:disp4|display_output[4]                       ; disp7:disp4|Mux4    ; yes                    ;
; disp7:disp4|display_output[5]                       ; disp7:disp4|Mux4    ; yes                    ;
; disp7:disp4|display_output[6]                       ; disp7:disp4|Mux4    ; yes                    ;
; disp7:disp5|display_output[0]                       ; disp7:disp5|Mux4    ; yes                    ;
; disp7:disp5|display_output[1]                       ; disp7:disp5|Mux4    ; yes                    ;
; disp7:disp5|display_output[2]                       ; disp7:disp5|Mux4    ; yes                    ;
; disp7:disp5|display_output[3]                       ; disp7:disp5|Mux4    ; yes                    ;
; disp7:disp5|display_output[4]                       ; disp7:disp5|Mux4    ; yes                    ;
; disp7:disp5|display_output[5]                       ; disp7:disp5|Mux4    ; yes                    ;
; disp7:disp5|display_output[6]                       ; disp7:disp5|Mux4    ; yes                    ;
; disp7:disp6|display_output[0]                       ; disp7:disp6|Mux4    ; yes                    ;
; disp7:disp6|display_output[1]                       ; disp7:disp6|Mux4    ; yes                    ;
; disp7:disp6|display_output[2]                       ; disp7:disp6|Mux4    ; yes                    ;
; disp7:disp6|display_output[3]                       ; disp7:disp6|Mux4    ; yes                    ;
; disp7:disp6|display_output[4]                       ; disp7:disp6|Mux4    ; yes                    ;
; disp7:disp6|display_output[5]                       ; disp7:disp6|Mux4    ; yes                    ;
; disp7:disp6|display_output[6]                       ; disp7:disp6|Mux4    ; yes                    ;
; disp7:disp7|display_output[0]                       ; disp7:disp7|Mux4    ; yes                    ;
; disp7:disp7|display_output[1]                       ; disp7:disp7|Mux4    ; yes                    ;
; disp7:disp7|display_output[2]                       ; disp7:disp7|Mux4    ; yes                    ;
; disp7:disp7|display_output[3]                       ; disp7:disp7|Mux4    ; yes                    ;
; disp7:disp7|display_output[4]                       ; disp7:disp7|Mux4    ; yes                    ;
; disp7:disp7|display_output[5]                       ; disp7:disp7|Mux4    ; yes                    ;
; disp7:disp7|display_output[6]                       ; disp7:disp7|Mux4    ; yes                    ;
; Number of user-specified and inferred latches = 56  ;                     ;                        ;
+-----------------------------------------------------+---------------------+------------------------+
Note: All latches listed above may not be present at the end of synthesis due to various synthesis optimizations.


+------------------------------------------------------+
; General Register Statistics                          ;
+----------------------------------------------+-------+
; Statistic                                    ; Value ;
+----------------------------------------------+-------+
; Total registers                              ; 47    ;
; Number of registers using Synchronous Clear  ; 0     ;
; Number of registers using Synchronous Load   ; 0     ;
; Number of registers using Asynchronous Clear ; 0     ;
; Number of registers using Asynchronous Load  ; 0     ;
; Number of registers using Clock Enable       ; 24    ;
; Number of registers using Preset             ; 0     ;
+----------------------------------------------+-------+


+---------------------------------------------------+
; Inverted Register Statistics                      ;
+-----------------------------------------+---------+
; Inverted Register                       ; Fan out ;
+-----------------------------------------+---------+
; var0[1]                                 ; 5       ;
; var0[0]                                 ; 5       ;
; var1[1]                                 ; 5       ;
; var2[0]                                 ; 5       ;
; var4[2]                                 ; 6       ;
; var4[0]                                 ; 5       ;
; var4[1]                                 ; 5       ;
; var5[2]                                 ; 6       ;
; var5[0]                                 ; 5       ;
; var5[1]                                 ; 5       ;
; var6[2]                                 ; 6       ;
; var6[0]                                 ; 5       ;
; var6[1]                                 ; 5       ;
; var7[2]                                 ; 6       ;
; var7[0]                                 ; 5       ;
; var7[1]                                 ; 5       ;
; Total number of inverted registers = 16 ;         ;
+-----------------------------------------+---------+


+------------------------------------------------------------------------------------------------------------------------------------------+
; Multiplexer Restructuring Statistics (Restructuring Performed)                                                                           ;
+--------------------+-----------+---------------+----------------------+------------------------+------------+----------------------------+
; Multiplexer Inputs ; Bus Width ; Baseline Area ; Area if Restructured ; Saving if Restructured ; Registered ; Example Multiplexer Output ;
+--------------------+-----------+---------------+----------------------+------------------------+------------+----------------------------+
; 3:1                ; 8 bits    ; 16 LEs        ; 8 LEs                ; 8 LEs                  ; Yes        ; |fpga|var1[2]              ;
; 3:1                ; 16 bits   ; 32 LEs        ; 16 LEs               ; 16 LEs                 ; Yes        ; |fpga|var4[1]              ;
+--------------------+-----------+---------------+----------------------+------------------------+------------+----------------------------+


+----------------------------------------------------------------------+
; Parameter Settings for User Entity Instance: Top-level Entity: |fpga ;
+----------------+----------+------------------------------------------+
; Parameter Name ; Value    ; Type                                     ;
+----------------+----------+------------------------------------------+
; frecuencia     ; 50000000 ; Signed Integer                           ;
+----------------+----------+------------------------------------------+
Note: In order to hide this table in the UI and the text report file, please set the "Show Parameter Settings in Synthesis Report" option in "Analysis and Synthesis Settings -> More Settings" to "Off".


+-----------------------------------------------------+
; Post-Synthesis Netlist Statistics for Top Partition ;
+-----------------------+-----------------------------+
; Type                  ; Count                       ;
+-----------------------+-----------------------------+
; boundary_port         ; 61                          ;
; cycloneiii_ff         ; 47                          ;
;     ENA               ; 24                          ;
;     plain             ; 23                          ;
; cycloneiii_lcell_comb ; 121                         ;
;     arith             ; 22                          ;
;         2 data inputs ; 22                          ;
;     normal            ; 99                          ;
;         1 data inputs ; 1                           ;
;         2 data inputs ; 25                          ;
;         3 data inputs ; 41                          ;
;         4 data inputs ; 32                          ;
;                       ;                             ;
; Max LUT depth         ; 3.20                        ;
; Average LUT depth     ; 1.98                        ;
+-----------------------+-----------------------------+


+-------------------------------+
; Elapsed Time Per Partition    ;
+----------------+--------------+
; Partition Name ; Elapsed Time ;
+----------------+--------------+
; Top            ; 00:00:02     ;
+----------------+--------------+


+-------------------------------+
; Analysis & Synthesis Messages ;
+-------------------------------+
Info: *******************************************************************
Info: Running Quartus Prime Analysis & Synthesis
    Info: Version 20.1.0 Build 711 06/05/2020 SJ Lite Edition
    Info: Processing started: Fri Sep 29 16:25:54 2023
Info: Command: quartus_map --read_settings_files=on --write_settings_files=off fpga -c fpga
Warning (18236): Number of processors has not been specified which may cause overloading on shared machines.  Set the global assignment NUM_PARALLEL_PROCESSORS in your QSF to an appropriate value for best performance.
Info (20030): Parallel compilation is enabled and will use 2 of the 2 processors detected
Info (12021): Found 1 design units, including 1 entities, in source file practica2.v
    Info (12023): Found entity 1: fpga File: D:/Documentos/Embebidos/Practica2/practica2.v Line: 1
Info (12021): Found 1 design units, including 1 entities, in source file disp7.v
    Info (12023): Found entity 1: disp7 File: D:/Documentos/Embebidos/Practica2/disp7.v Line: 1
Info (12127): Elaborating entity "fpga" for the top level hierarchy
Warning (10036): Verilog HDL or VHDL warning at practica2.v(20): object "clk_out" assigned a value but never read File: D:/Documentos/Embebidos/Practica2/practica2.v Line: 20
Warning (10230): Verilog HDL assignment warning at practica2.v(25): truncated value with size 32 to match size of target (1) File: D:/Documentos/Embebidos/Practica2/practica2.v Line: 25
Warning (10216): Verilog HDL warning at practica2.v(27): expression attempts to divide or modulo by zero. Treated expression value as Don't Care (X) during synthesis. File: D:/Documentos/Embebidos/Practica2/practica2.v Line: 27
Warning (10230): Verilog HDL assignment warning at practica2.v(27): truncated value with size 32 to match size of target (1) File: D:/Documentos/Embebidos/Practica2/practica2.v Line: 27
Warning (10230): Verilog HDL assignment warning at practica2.v(28): truncated value with size 32 to match size of target (3) File: D:/Documentos/Embebidos/Practica2/practica2.v Line: 28
Warning (10230): Verilog HDL assignment warning at practica2.v(29): truncated value with size 32 to match size of target (3) File: D:/Documentos/Embebidos/Practica2/practica2.v Line: 29
Warning (10230): Verilog HDL assignment warning at practica2.v(32): truncated value with size 32 to match size of target (3) File: D:/Documentos/Embebidos/Practica2/practica2.v Line: 32
Warning (10230): Verilog HDL assignment warning at practica2.v(33): truncated value with size 32 to match size of target (3) File: D:/Documentos/Embebidos/Practica2/practica2.v Line: 33
Warning (10230): Verilog HDL assignment warning at practica2.v(34): truncated value with size 32 to match size of target (3) File: D:/Documentos/Embebidos/Practica2/practica2.v Line: 34
Warning (10230): Verilog HDL assignment warning at practica2.v(35): truncated value with size 32 to match size of target (3) File: D:/Documentos/Embebidos/Practica2/practica2.v Line: 35
Warning (10230): Verilog HDL assignment warning at practica2.v(42): truncated value with size 32 to match size of target (1) File: D:/Documentos/Embebidos/Practica2/practica2.v Line: 42
Warning (10230): Verilog HDL assignment warning at practica2.v(44): truncated value with size 32 to match size of target (1) File: D:/Documentos/Embebidos/Practica2/practica2.v Line: 44
Warning (10230): Verilog HDL assignment warning at practica2.v(46): truncated value with size 32 to match size of target (1) File: D:/Documentos/Embebidos/Practica2/practica2.v Line: 46
Warning (10230): Verilog HDL assignment warning at practica2.v(48): truncated value with size 32 to match size of target (1) File: D:/Documentos/Embebidos/Practica2/practica2.v Line: 48
Warning (10230): Verilog HDL assignment warning at practica2.v(79): truncated value with size 32 to match size of target (23) File: D:/Documentos/Embebidos/Practica2/practica2.v Line: 79
Warning (10873): Using initial value X (don't care) for net "max_count" at practica2.v(17) File: D:/Documentos/Embebidos/Practica2/practica2.v Line: 17
Info (12128): Elaborating entity "disp7" for hierarchy "disp7:disp0" File: D:/Documentos/Embebidos/Practica2/practica2.v Line: 85
Warning (10270): Verilog HDL Case Statement warning at disp7.v(8): incomplete case statement has no default case item File: D:/Documentos/Embebidos/Practica2/disp7.v Line: 8
Warning (10240): Verilog HDL Always Construct warning at disp7.v(6): inferring latch(es) for variable "display_output", which holds its previous value in one or more paths through the always construct File: D:/Documentos/Embebidos/Practica2/disp7.v Line: 6
Info (10041): Inferred latch for "display_output[0]" at disp7.v(6) File: D:/Documentos/Embebidos/Practica2/disp7.v Line: 6
Info (10041): Inferred latch for "display_output[1]" at disp7.v(6) File: D:/Documentos/Embebidos/Practica2/disp7.v Line: 6
Info (10041): Inferred latch for "display_output[2]" at disp7.v(6) File: D:/Documentos/Embebidos/Practica2/disp7.v Line: 6
Info (10041): Inferred latch for "display_output[3]" at disp7.v(6) File: D:/Documentos/Embebidos/Practica2/disp7.v Line: 6
Info (10041): Inferred latch for "display_output[4]" at disp7.v(6) File: D:/Documentos/Embebidos/Practica2/disp7.v Line: 6
Info (10041): Inferred latch for "display_output[5]" at disp7.v(6) File: D:/Documentos/Embebidos/Practica2/disp7.v Line: 6
Info (10041): Inferred latch for "display_output[6]" at disp7.v(6) File: D:/Documentos/Embebidos/Practica2/disp7.v Line: 6
Info (13025): Duplicate LATCH primitives merged into single LATCH primitive
    Info (13026): Duplicate LATCH primitive "disp7:disp0|display_output[6]" merged with LATCH primitive "disp7:disp0|display_output[0]" File: D:/Documentos/Embebidos/Practica2/disp7.v Line: 6
    Info (13026): Duplicate LATCH primitive "disp7:disp0|display_output[5]" merged with LATCH primitive "disp7:disp0|display_output[0]" File: D:/Documentos/Embebidos/Practica2/disp7.v Line: 6
    Info (13026): Duplicate LATCH primitive "disp7:disp0|display_output[4]" merged with LATCH primitive "disp7:disp0|display_output[0]" File: D:/Documentos/Embebidos/Practica2/disp7.v Line: 6
    Info (13026): Duplicate LATCH primitive "disp7:disp1|display_output[6]" merged with LATCH primitive "disp7:disp1|display_output[0]" File: D:/Documentos/Embebidos/Practica2/disp7.v Line: 6
    Info (13026): Duplicate LATCH primitive "disp7:disp1|display_output[5]" merged with LATCH primitive "disp7:disp1|display_output[0]" File: D:/Documentos/Embebidos/Practica2/disp7.v Line: 6
    Info (13026): Duplicate LATCH primitive "disp7:disp1|display_output[4]" merged with LATCH primitive "disp7:disp1|display_output[0]" File: D:/Documentos/Embebidos/Practica2/disp7.v Line: 6
    Info (13026): Duplicate LATCH primitive "disp7:disp2|display_output[6]" merged with LATCH primitive "disp7:disp2|display_output[0]" File: D:/Documentos/Embebidos/Practica2/disp7.v Line: 6
    Info (13026): Duplicate LATCH primitive "disp7:disp2|display_output[5]" merged with LATCH primitive "disp7:disp2|display_output[0]" File: D:/Documentos/Embebidos/Practica2/disp7.v Line: 6
    Info (13026): Duplicate LATCH primitive "disp7:disp2|display_output[4]" merged with LATCH primitive "disp7:disp2|display_output[0]" File: D:/Documentos/Embebidos/Practica2/disp7.v Line: 6
    Info (13026): Duplicate LATCH primitive "disp7:disp3|display_output[6]" merged with LATCH primitive "disp7:disp3|display_output[0]" File: D:/Documentos/Embebidos/Practica2/disp7.v Line: 6
    Info (13026): Duplicate LATCH primitive "disp7:disp3|display_output[5]" merged with LATCH primitive "disp7:disp3|display_output[0]" File: D:/Documentos/Embebidos/Practica2/disp7.v Line: 6
    Info (13026): Duplicate LATCH primitive "disp7:disp3|display_output[4]" merged with LATCH primitive "disp7:disp3|display_output[0]" File: D:/Documentos/Embebidos/Practica2/disp7.v Line: 6
    Info (13026): Duplicate LATCH primitive "disp7:disp4|display_output[6]" merged with LATCH primitive "disp7:disp4|display_output[0]" File: D:/Documentos/Embebidos/Practica2/disp7.v Line: 6
    Info (13026): Duplicate LATCH primitive "disp7:disp4|display_output[5]" merged with LATCH primitive "disp7:disp4|display_output[0]" File: D:/Documentos/Embebidos/Practica2/disp7.v Line: 6
    Info (13026): Duplicate LATCH primitive "disp7:disp4|display_output[4]" merged with LATCH primitive "disp7:disp4|display_output[0]" File: D:/Documentos/Embebidos/Practica2/disp7.v Line: 6
    Info (13026): Duplicate LATCH primitive "disp7:disp5|display_output[6]" merged with LATCH primitive "disp7:disp5|display_output[0]" File: D:/Documentos/Embebidos/Practica2/disp7.v Line: 6
    Info (13026): Duplicate LATCH primitive "disp7:disp5|display_output[5]" merged with LATCH primitive "disp7:disp5|display_output[0]" File: D:/Documentos/Embebidos/Practica2/disp7.v Line: 6
    Info (13026): Duplicate LATCH primitive "disp7:disp5|display_output[4]" merged with LATCH primitive "disp7:disp5|display_output[0]" File: D:/Documentos/Embebidos/Practica2/disp7.v Line: 6
    Info (13026): Duplicate LATCH primitive "disp7:disp6|display_output[6]" merged with LATCH primitive "disp7:disp6|display_output[0]" File: D:/Documentos/Embebidos/Practica2/disp7.v Line: 6
    Info (13026): Duplicate LATCH primitive "disp7:disp6|display_output[5]" merged with LATCH primitive "disp7:disp6|display_output[0]" File: D:/Documentos/Embebidos/Practica2/disp7.v Line: 6
    Info (13026): Duplicate LATCH primitive "disp7:disp6|display_output[4]" merged with LATCH primitive "disp7:disp6|display_output[0]" File: D:/Documentos/Embebidos/Practica2/disp7.v Line: 6
    Info (13026): Duplicate LATCH primitive "disp7:disp7|display_output[6]" merged with LATCH primitive "disp7:disp7|display_output[0]" File: D:/Documentos/Embebidos/Practica2/disp7.v Line: 6
    Info (13026): Duplicate LATCH primitive "disp7:disp7|display_output[5]" merged with LATCH primitive "disp7:disp7|display_output[0]" File: D:/Documentos/Embebidos/Practica2/disp7.v Line: 6
    Info (13026): Duplicate LATCH primitive "disp7:disp7|display_output[4]" merged with LATCH primitive "disp7:disp7|display_output[0]" File: D:/Documentos/Embebidos/Practica2/disp7.v Line: 6
Warning (13012): Latch disp7:disp0|display_output[0] has unsafe behavior File: D:/Documentos/Embebidos/Practica2/disp7.v Line: 6
    Warning (13013): Ports D and ENA on the latch are fed by the same signal var0[2] File: D:/Documentos/Embebidos/Practica2/practica2.v Line: 38
Warning (13012): Latch disp7:disp0|display_output[1] has unsafe behavior File: D:/Documentos/Embebidos/Practica2/disp7.v Line: 6
    Warning (13013): Ports D and ENA on the latch are fed by the same signal var0[2] File: D:/Documentos/Embebidos/Practica2/practica2.v Line: 38
Warning (13012): Latch disp7:disp0|display_output[2] has unsafe behavior File: D:/Documentos/Embebidos/Practica2/disp7.v Line: 6
    Warning (13013): Ports D and ENA on the latch are fed by the same signal var0[2] File: D:/Documentos/Embebidos/Practica2/practica2.v Line: 38
Warning (13012): Latch disp7:disp0|display_output[3] has unsafe behavior File: D:/Documentos/Embebidos/Practica2/disp7.v Line: 6
    Warning (13013): Ports D and ENA on the latch are fed by the same signal var0[1] File: D:/Documentos/Embebidos/Practica2/practica2.v Line: 38
Warning (13012): Latch disp7:disp1|display_output[0] has unsafe behavior File: D:/Documentos/Embebidos/Practica2/disp7.v Line: 6
    Warning (13013): Ports D and ENA on the latch are fed by the same signal var1[2] File: D:/Documentos/Embebidos/Practica2/practica2.v Line: 38
Warning (13012): Latch disp7:disp1|display_output[1] has unsafe behavior File: D:/Documentos/Embebidos/Practica2/disp7.v Line: 6
    Warning (13013): Ports D and ENA on the latch are fed by the same signal var1[2] File: D:/Documentos/Embebidos/Practica2/practica2.v Line: 38
Warning (13012): Latch disp7:disp1|display_output[2] has unsafe behavior File: D:/Documentos/Embebidos/Practica2/disp7.v Line: 6
    Warning (13013): Ports D and ENA on the latch are fed by the same signal var1[2] File: D:/Documentos/Embebidos/Practica2/practica2.v Line: 38
Warning (13012): Latch disp7:disp1|display_output[3] has unsafe behavior File: D:/Documentos/Embebidos/Practica2/disp7.v Line: 6
    Warning (13013): Ports D and ENA on the latch are fed by the same signal var1[1] File: D:/Documentos/Embebidos/Practica2/practica2.v Line: 38
Warning (13012): Latch disp7:disp2|display_output[0] has unsafe behavior File: D:/Documentos/Embebidos/Practica2/disp7.v Line: 6
    Warning (13013): Ports D and ENA on the latch are fed by the same signal var2[2] File: D:/Documentos/Embebidos/Practica2/practica2.v Line: 38
Warning (13012): Latch disp7:disp2|display_output[1] has unsafe behavior File: D:/Documentos/Embebidos/Practica2/disp7.v Line: 6
    Warning (13013): Ports D and ENA on the latch are fed by the same signal var2[0] File: D:/Documentos/Embebidos/Practica2/practica2.v Line: 38
Warning (13012): Latch disp7:disp2|display_output[2] has unsafe behavior File: D:/Documentos/Embebidos/Practica2/disp7.v Line: 6
    Warning (13013): Ports D and ENA on the latch are fed by the same signal var2[1] File: D:/Documentos/Embebidos/Practica2/practica2.v Line: 38
Warning (13012): Latch disp7:disp2|display_output[3] has unsafe behavior File: D:/Documentos/Embebidos/Practica2/disp7.v Line: 6
    Warning (13013): Ports D and ENA on the latch are fed by the same signal var2[0] File: D:/Documentos/Embebidos/Practica2/practica2.v Line: 38
Warning (13012): Latch disp7:disp3|display_output[0] has unsafe behavior File: D:/Documentos/Embebidos/Practica2/disp7.v Line: 6
    Warning (13013): Ports D and ENA on the latch are fed by the same signal var3[2] File: D:/Documentos/Embebidos/Practica2/practica2.v Line: 38
Warning (13012): Latch disp7:disp3|display_output[1] has unsafe behavior File: D:/Documentos/Embebidos/Practica2/disp7.v Line: 6
    Warning (13013): Ports D and ENA on the latch are fed by the same signal var3[0] File: D:/Documentos/Embebidos/Practica2/practica2.v Line: 38
Warning (13012): Latch disp7:disp3|display_output[2] has unsafe behavior File: D:/Documentos/Embebidos/Practica2/disp7.v Line: 6
    Warning (13013): Ports D and ENA on the latch are fed by the same signal var3[1] File: D:/Documentos/Embebidos/Practica2/practica2.v Line: 38
Warning (13012): Latch disp7:disp3|display_output[3] has unsafe behavior File: D:/Documentos/Embebidos/Practica2/disp7.v Line: 6
    Warning (13013): Ports D and ENA on the latch are fed by the same signal var3[0] File: D:/Documentos/Embebidos/Practica2/practica2.v Line: 38
Warning (13012): Latch disp7:disp4|display_output[0] has unsafe behavior File: D:/Documentos/Embebidos/Practica2/disp7.v Line: 6
    Warning (13013): Ports D and ENA on the latch are fed by the same signal var4[2] File: D:/Documentos/Embebidos/Practica2/practica2.v Line: 38
Warning (13012): Latch disp7:disp4|display_output[1] has unsafe behavior File: D:/Documentos/Embebidos/Practica2/disp7.v Line: 6
    Warning (13013): Ports D and ENA on the latch are fed by the same signal var4[0] File: D:/Documentos/Embebidos/Practica2/practica2.v Line: 38
Warning (13012): Latch disp7:disp4|display_output[2] has unsafe behavior File: D:/Documentos/Embebidos/Practica2/disp7.v Line: 6
    Warning (13013): Ports D and ENA on the latch are fed by the same signal var4[1] File: D:/Documentos/Embebidos/Practica2/practica2.v Line: 38
Warning (13012): Latch disp7:disp4|display_output[3] has unsafe behavior File: D:/Documentos/Embebidos/Practica2/disp7.v Line: 6
    Warning (13013): Ports D and ENA on the latch are fed by the same signal var4[0] File: D:/Documentos/Embebidos/Practica2/practica2.v Line: 38
Warning (13012): Latch disp7:disp5|display_output[0] has unsafe behavior File: D:/Documentos/Embebidos/Practica2/disp7.v Line: 6
    Warning (13013): Ports D and ENA on the latch are fed by the same signal var5[2] File: D:/Documentos/Embebidos/Practica2/practica2.v Line: 38
Warning (13012): Latch disp7:disp5|display_output[1] has unsafe behavior File: D:/Documentos/Embebidos/Practica2/disp7.v Line: 6
    Warning (13013): Ports D and ENA on the latch are fed by the same signal var5[0] File: D:/Documentos/Embebidos/Practica2/practica2.v Line: 38
Warning (13012): Latch disp7:disp5|display_output[2] has unsafe behavior File: D:/Documentos/Embebidos/Practica2/disp7.v Line: 6
    Warning (13013): Ports D and ENA on the latch are fed by the same signal var5[1] File: D:/Documentos/Embebidos/Practica2/practica2.v Line: 38
Warning (13012): Latch disp7:disp5|display_output[3] has unsafe behavior File: D:/Documentos/Embebidos/Practica2/disp7.v Line: 6
    Warning (13013): Ports D and ENA on the latch are fed by the same signal var5[0] File: D:/Documentos/Embebidos/Practica2/practica2.v Line: 38
Warning (13012): Latch disp7:disp6|display_output[0] has unsafe behavior File: D:/Documentos/Embebidos/Practica2/disp7.v Line: 6
    Warning (13013): Ports D and ENA on the latch are fed by the same signal var6[2] File: D:/Documentos/Embebidos/Practica2/practica2.v Line: 38
Warning (13012): Latch disp7:disp6|display_output[1] has unsafe behavior File: D:/Documentos/Embebidos/Practica2/disp7.v Line: 6
    Warning (13013): Ports D and ENA on the latch are fed by the same signal var6[0] File: D:/Documentos/Embebidos/Practica2/practica2.v Line: 38
Warning (13012): Latch disp7:disp6|display_output[2] has unsafe behavior File: D:/Documentos/Embebidos/Practica2/disp7.v Line: 6
    Warning (13013): Ports D and ENA on the latch are fed by the same signal var6[1] File: D:/Documentos/Embebidos/Practica2/practica2.v Line: 38
Warning (13012): Latch disp7:disp6|display_output[3] has unsafe behavior File: D:/Documentos/Embebidos/Practica2/disp7.v Line: 6
    Warning (13013): Ports D and ENA on the latch are fed by the same signal var6[0] File: D:/Documentos/Embebidos/Practica2/practica2.v Line: 38
Warning (13012): Latch disp7:disp7|display_output[0] has unsafe behavior File: D:/Documentos/Embebidos/Practica2/disp7.v Line: 6
    Warning (13013): Ports D and ENA on the latch are fed by the same signal var7[2] File: D:/Documentos/Embebidos/Practica2/practica2.v Line: 38
Warning (13012): Latch disp7:disp7|display_output[1] has unsafe behavior File: D:/Documentos/Embebidos/Practica2/disp7.v Line: 6
    Warning (13013): Ports D and ENA on the latch are fed by the same signal var7[0] File: D:/Documentos/Embebidos/Practica2/practica2.v Line: 38
Warning (13012): Latch disp7:disp7|display_output[2] has unsafe behavior File: D:/Documentos/Embebidos/Practica2/disp7.v Line: 6
    Warning (13013): Ports D and ENA on the latch are fed by the same signal var7[1] File: D:/Documentos/Embebidos/Practica2/practica2.v Line: 38
Warning (13012): Latch disp7:disp7|display_output[3] has unsafe behavior File: D:/Documentos/Embebidos/Practica2/disp7.v Line: 6
    Warning (13013): Ports D and ENA on the latch are fed by the same signal var7[0] File: D:/Documentos/Embebidos/Practica2/practica2.v Line: 38
Info (286030): Timing-Driven Synthesis is running
Info (16010): Generating hard_block partition "hard_block:auto_generated_inst"
    Info (16011): Adding 0 node(s), including 0 DDIO, 0 PLL, 0 transceiver and 0 LCELL
Warning (21074): Design contains 2 input pin(s) that do not drive logic
    Warning (15610): No output dependent on input pin "switch1[0]" File: D:/Documentos/Embebidos/Practica2/practica2.v Line: 5
    Warning (15610): No output dependent on input pin "switch1[1]" File: D:/Documentos/Embebidos/Practica2/practica2.v Line: 5
Info (21057): Implemented 182 device resources after synthesis - the final resource count might be different
    Info (21058): Implemented 5 input pins
    Info (21059): Implemented 56 output pins
    Info (21061): Implemented 121 logic cells
Info: Quartus Prime Analysis & Synthesis was successful. 0 errors, 86 warnings
    Info: Peak virtual memory: 4744 megabytes
    Info: Processing ended: Fri Sep 29 16:26:06 2023
    Info: Elapsed time: 00:00:12
    Info: Total CPU time (on all processors): 00:00:14


